Started GET "/" for ::1 at 2019-12-17 14:46:48 -0500
Processing by Rails::WelcomeController#index as HTML
  Rendering C:/RailsInstaller/Ruby2.3.3/lib/ruby/gems/2.3.0/gems/railties-5.1.7/lib/rails/templates/rails/welcome/index.html.erb
  Rendered C:/RailsInstaller/Ruby2.3.3/lib/ruby/gems/2.3.0/gems/railties-5.1.7/lib/rails/templates/rails/welcome/index.html.erb (19.0ms)
Completed 200 OK in 1403ms (Views: 149.5ms)


Started GET "/cars" for ::1 at 2019-12-17 14:48:18 -0500
  
ActiveRecord::PendingMigrationError (

Migrations are pending. To resolve this issue, run:

        bin/rails db:migrate RAILS_ENV=development

):
  
activerecord (5.1.7) lib/active_record/migration.rb:576:in `check_pending!'
activerecord (5.1.7) lib/active_record/migration.rb:553:in `call'
actionpack (5.1.7) lib/action_dispatch/middleware/callbacks.rb:26:in `block in call'
activesupport (5.1.7) lib/active_support/callbacks.rb:97:in `run_callbacks'
actionpack (5.1.7) lib/action_dispatch/middleware/callbacks.rb:24:in `call'
actionpack (5.1.7) lib/action_dispatch/middleware/executor.rb:12:in `call'
actionpack (5.1.7) lib/action_dispatch/middleware/debug_exceptions.rb:59:in `call'
web-console (3.7.0) lib/web_console/middleware.rb:135:in `call_app'
web-console (3.7.0) lib/web_console/middleware.rb:30:in `block in call'
web-console (3.7.0) lib/web_console/middleware.rb:20:in `catch'
web-console (3.7.0) lib/web_console/middleware.rb:20:in `call'
actionpack (5.1.7) lib/action_dispatch/middleware/show_exceptions.rb:31:in `call'
railties (5.1.7) lib/rails/rack/logger.rb:36:in `call_app'
railties (5.1.7) lib/rails/rack/logger.rb:24:in `block in call'
activesupport (5.1.7) lib/active_support/tagged_logging.rb:69:in `block in tagged'
activesupport (5.1.7) lib/active_support/tagged_logging.rb:26:in `tagged'
activesupport (5.1.7) lib/active_support/tagged_logging.rb:69:in `tagged'
railties (5.1.7) lib/rails/rack/logger.rb:24:in `call'
sprockets-rails (3.2.1) lib/sprockets/rails/quiet_assets.rb:13:in `call'
actionpack (5.1.7) lib/action_dispatch/middleware/remote_ip.rb:79:in `call'
actionpack (5.1.7) lib/action_dispatch/middleware/request_id.rb:25:in `call'
rack (2.0.7) lib/rack/method_override.rb:22:in `call'
rack (2.0.7) lib/rack/runtime.rb:22:in `call'
activesupport (5.1.7) lib/active_support/cache/strategy/local_cache_middleware.rb:27:in `call'
actionpack (5.1.7) lib/action_dispatch/middleware/executor.rb:12:in `call'
actionpack (5.1.7) lib/action_dispatch/middleware/static.rb:125:in `call'
rack (2.0.7) lib/rack/sendfile.rb:111:in `call'
railties (5.1.7) lib/rails/engine.rb:522:in `call'
puma (3.12.2) lib/puma/configuration.rb:227:in `call'
puma (3.12.2) lib/puma/server.rb:674:in `handle_request'
puma (3.12.2) lib/puma/server.rb:476:in `process_client'
puma (3.12.2) lib/puma/server.rb:334:in `block in run'
puma (3.12.2) lib/puma/thread_pool.rb:135:in `block in spawn_thread'
  [1m[35m (0.0ms)[0m  [1m[34mSELECT sqlite_version(*)[0m
  [1m[35m (158.8ms)[0m  [1m[35mCREATE TABLE "schema_migrations" ("version" varchar NOT NULL PRIMARY KEY)[0m
  [1m[35m (100.3ms)[0m  [1m[35mCREATE TABLE "ar_internal_metadata" ("key" varchar NOT NULL PRIMARY KEY, "value" varchar, "created_at" datetime NOT NULL, "updated_at" datetime NOT NULL)[0m
  [1m[35m (0.0ms)[0m  [1m[34mSELECT "schema_migrations"."version" FROM "schema_migrations" ORDER BY "schema_migrations"."version" ASC[0m
Migrating to CreateCars (20191217194804)
  [1m[35m (0.0ms)[0m  [1m[36mbegin transaction[0m
  [1m[35m (15.6ms)[0m  [1m[35mCREATE TABLE "cars" ("id" INTEGER PRIMARY KEY AUTOINCREMENT NOT NULL, "make" varchar, "color" varchar, "year" integer, "created_at" datetime NOT NULL, "updated_at" datetime NOT NULL)[0m
  [1m[35mSQL (0.0ms)[0m  [1m[32mINSERT INTO "schema_migrations" ("version") VALUES (?)[0m  [["version", "20191217194804"]]
  [1m[35m (131.6ms)[0m  [1m[36mcommit transaction[0m
  [1m[36mActiveRecord::InternalMetadata Load (0.0ms)[0m  [1m[34mSELECT  "ar_internal_metadata".* FROM "ar_internal_metadata" WHERE "ar_internal_metadata"."key" = ? LIMIT ?[0m  [["key", "environment"], ["LIMIT", 1]]
  [1m[35m (0.0ms)[0m  [1m[36mbegin transaction[0m
  [1m[35mSQL (0.0ms)[0m  [1m[32mINSERT INTO "ar_internal_metadata" ("key", "value", "created_at", "updated_at") VALUES (?, ?, ?, ?)[0m  [["key", "environment"], ["value", "development"], ["created_at", "2019-12-17 19:49:47.886558"], ["updated_at", "2019-12-17 19:49:47.886558"]]
  [1m[35m (84.7ms)[0m  [1m[36mcommit transaction[0m
  [1m[35m (0.0ms)[0m  [1m[34mSELECT "schema_migrations"."version" FROM "schema_migrations" ORDER BY "schema_migrations"."version" ASC[0m
Started GET "/cars" for ::1 at 2019-12-17 14:50:33 -0500
  [1m[35m (1.0ms)[0m  [1m[34mSELECT "schema_migrations"."version" FROM "schema_migrations" ORDER BY "schema_migrations"."version" ASC[0m
Processing by CarsController#index as HTML
  Rendering cars/index.html.erb within layouts/application
  [1m[36mCar Load (1.0ms)[0m  [1m[34mSELECT "cars".* FROM "cars"[0m
  Rendered cars/index.html.erb within layouts/application (22.0ms)
Completed 200 OK in 9191ms (Views: 9087.9ms | ActiveRecord: 2.0ms)


  [1m[35m (0.0ms)[0m  [1m[34mSELECT "schema_migrations"."version" FROM "schema_migrations" ORDER BY "schema_migrations"."version" ASC[0m
  [1m[36mActiveRecord::InternalMetadata Load (0.0ms)[0m  [1m[34mSELECT  "ar_internal_metadata".* FROM "ar_internal_metadata" WHERE "ar_internal_metadata"."key" = ? LIMIT ?[0m  [["key", "environment"], ["LIMIT", 1]]
  [1m[35m (0.0ms)[0m  [1m[36mbegin transaction[0m
  [1m[35m (0.0ms)[0m  [1m[36mcommit transaction[0m
  [1m[35m (0.0ms)[0m  [1m[34mSELECT "schema_migrations"."version" FROM "schema_migrations" ORDER BY "schema_migrations"."version" ASC[0m
Started GET "/cars" for ::1 at 2019-12-17 14:53:05 -0500
  [1m[35m (1.0ms)[0m  [1m[34mSELECT "schema_migrations"."version" FROM "schema_migrations" ORDER BY "schema_migrations"."version" ASC[0m
Processing by CarsController#index as HTML
  Rendering cars/index.html.erb within layouts/application
  [1m[36mCar Load (1.0ms)[0m  [1m[34mSELECT "cars".* FROM "cars"[0m
  Rendered cars/index.html.erb within layouts/application (22.0ms)
Completed 200 OK in 1105ms (Views: 998.0ms | ActiveRecord: 5.0ms)


Started GET "/cars/new" for ::1 at 2019-12-17 14:53:58 -0500
Processing by CarsController#new as HTML
  Rendering cars/new.html.erb within layouts/application
  Rendered cars/_form.html.erb (230.4ms)
  Rendered cars/new.html.erb within layouts/application (333.3ms)
Completed 200 OK in 786ms (Views: 708.1ms | ActiveRecord: 2.0ms)


Started POST "/cars" for ::1 at 2019-12-17 14:54:14 -0500
Processing by CarsController#create as HTML
  Parameters: {"utf8"=>"✓", "authenticity_token"=>"cgN3VeC9bSMMwlKwentYPwKEalMLMgMmhaE3Gdr/qlun/UR3GQlK7alqZEG8v/ZEWZmPbDNXsR/AzblG1476hA==", "car"=>{"make"=>"cadillac", "color"=>"black", "year"=>"2014"}, "commit"=>"Create Car"}
  [1m[35m (0.0ms)[0m  [1m[36mbegin transaction[0m
  [1m[35mSQL (4.0ms)[0m  [1m[32mINSERT INTO "cars" ("make", "color", "year", "created_at", "updated_at") VALUES (?, ?, ?, ?, ?)[0m  [["make", "cadillac"], ["color", "black"], ["year", 2014], ["created_at", "2019-12-17 19:54:14.935144"], ["updated_at", "2019-12-17 19:54:14.935144"]]
  [1m[35m (124.9ms)[0m  [1m[36mcommit transaction[0m
Redirected to http://localhost:3000/cars/1
Completed 302 Found in 164ms (ActiveRecord: 128.9ms)


Started GET "/cars/1" for ::1 at 2019-12-17 14:54:15 -0500
Processing by CarsController#show as HTML
  Parameters: {"id"=>"1"}
  [1m[36mCar Load (1.0ms)[0m  [1m[34mSELECT  "cars".* FROM "cars" WHERE "cars"."id" = ? LIMIT ?[0m  [["id", 1], ["LIMIT", 1]]
  Rendering cars/show.html.erb within layouts/application
  Rendered cars/show.html.erb within layouts/application (3.0ms)
Completed 200 OK in 487ms (Views: 343.5ms | ActiveRecord: 1.0ms)


Started GET "/cars" for ::1 at 2019-12-17 14:54:18 -0500
Processing by CarsController#index as HTML
  Rendering cars/index.html.erb within layouts/application
  [1m[36mCar Load (1.0ms)[0m  [1m[34mSELECT "cars".* FROM "cars"[0m
  Rendered cars/index.html.erb within layouts/application (10.0ms)
Completed 200 OK in 402ms (Views: 333.6ms | ActiveRecord: 1.0ms)


Started GET "/cars/new" for ::1 at 2019-12-17 14:54:26 -0500
Processing by CarsController#new as HTML
  Rendering cars/new.html.erb within layouts/application
  Rendered cars/_form.html.erb (15.0ms)
  Rendered cars/new.html.erb within layouts/application (76.0ms)
Completed 200 OK in 485ms (Views: 421.1ms | ActiveRecord: 0.0ms)


Started POST "/cars" for ::1 at 2019-12-17 14:54:38 -0500
Processing by CarsController#create as HTML
  Parameters: {"utf8"=>"✓", "authenticity_token"=>"nUH/nN6ruBAorqxChcUh56geclW144falJkw48AEQLrgzChRWDAuLBPzu36BZnRDZv71Ay76G4W3R3JMfSN4Nw==", "car"=>{"make"=>"infiniti", "color"=>"silver", "year"=>"2013"}, "commit"=>"Create Car"}
  [1m[35m (1.0ms)[0m  [1m[36mbegin transaction[0m
  [1m[35mSQL (2.0ms)[0m  [1m[32mINSERT INTO "cars" ("make", "color", "year", "created_at", "updated_at") VALUES (?, ?, ?, ?, ?)[0m  [["make", "infiniti"], ["color", "silver"], ["year", 2013], ["created_at", "2019-12-17 19:54:38.679608"], ["updated_at", "2019-12-17 19:54:38.679608"]]
  [1m[35m (96.0ms)[0m  [1m[36mcommit transaction[0m
Redirected to http://localhost:3000/cars/2
Completed 302 Found in 121ms (ActiveRecord: 99.0ms)


Started GET "/cars/2" for ::1 at 2019-12-17 14:54:38 -0500
Processing by CarsController#show as HTML
  Parameters: {"id"=>"2"}
  [1m[36mCar Load (2.0ms)[0m  [1m[34mSELECT  "cars".* FROM "cars" WHERE "cars"."id" = ? LIMIT ?[0m  [["id", 2], ["LIMIT", 1]]
  Rendering cars/show.html.erb within layouts/application
  Rendered cars/show.html.erb within layouts/application (6.0ms)
Completed 200 OK in 414ms (Views: 345.4ms | ActiveRecord: 2.0ms)


Started GET "/cars" for ::1 at 2019-12-17 14:54:41 -0500
Processing by CarsController#index as HTML
  Rendering cars/index.html.erb within layouts/application
  [1m[36mCar Load (1.0ms)[0m  [1m[34mSELECT "cars".* FROM "cars"[0m
  Rendered cars/index.html.erb within layouts/application (14.0ms)
Completed 200 OK in 365ms (Views: 289.8ms | ActiveRecord: 1.0ms)


Started GET "/cars/new" for ::1 at 2019-12-17 14:54:48 -0500
Processing by CarsController#new as HTML
  Rendering cars/new.html.erb within layouts/application
  Rendered cars/_form.html.erb (10.0ms)
  Rendered cars/new.html.erb within layouts/application (74.0ms)
Completed 200 OK in 464ms (Views: 405.8ms | ActiveRecord: 0.0ms)


Started POST "/cars" for ::1 at 2019-12-17 14:55:00 -0500
Processing by CarsController#create as HTML
  Parameters: {"utf8"=>"✓", "authenticity_token"=>"KnXK2+Qgy/01sSS4h/FCWkYksZ7v/FkMDKpW6lYD+AJX+B0WYrtdwQ7sM4SDUhf+iMQ2yHTlxVMvdBRF6yTAjw==", "car"=>{"make"=>"bmw", "color"=>"blue", "year"=>"2015"}, "commit"=>"Create Car"}
  [1m[35m (0.0ms)[0m  [1m[36mbegin transaction[0m
  [1m[35mSQL (3.0ms)[0m  [1m[32mINSERT INTO "cars" ("make", "color", "year", "created_at", "updated_at") VALUES (?, ?, ?, ?, ?)[0m  [["make", "bmw"], ["color", "blue"], ["year", 2015], ["created_at", "2019-12-17 19:55:00.204608"], ["updated_at", "2019-12-17 19:55:00.204608"]]
  [1m[35m (116.9ms)[0m  [1m[36mcommit transaction[0m
Redirected to http://localhost:3000/cars/3
Completed 302 Found in 149ms (ActiveRecord: 119.9ms)


Started GET "/cars/3" for ::1 at 2019-12-17 14:55:00 -0500
Processing by CarsController#show as HTML
  Parameters: {"id"=>"3"}
  [1m[36mCar Load (1.0ms)[0m  [1m[34mSELECT  "cars".* FROM "cars" WHERE "cars"."id" = ? LIMIT ?[0m  [["id", 3], ["LIMIT", 1]]
  Rendering cars/show.html.erb within layouts/application
  Rendered cars/show.html.erb within layouts/application (3.0ms)
Completed 200 OK in 363ms (Views: 295.9ms | ActiveRecord: 1.0ms)


Started GET "/cars" for ::1 at 2019-12-17 14:55:02 -0500
Processing by CarsController#index as HTML
  Rendering cars/index.html.erb within layouts/application
  [1m[36mCar Load (1.0ms)[0m  [1m[34mSELECT "cars".* FROM "cars"[0m
  Rendered cars/index.html.erb within layouts/application (15.0ms)
Completed 200 OK in 371ms (Views: 313.6ms | ActiveRecord: 1.0ms)


Started GET "/cars/1" for ::1 at 2019-12-17 14:56:40 -0500
Processing by CarsController#show as HTML
  Parameters: {"id"=>"1"}
  [1m[36mCar Load (1.0ms)[0m  [1m[34mSELECT  "cars".* FROM "cars" WHERE "cars"."id" = ? LIMIT ?[0m  [["id", 1], ["LIMIT", 1]]
  Rendering cars/show.html.erb within layouts/application
  Rendered cars/show.html.erb within layouts/application (3.0ms)
Completed 200 OK in 500ms (Views: 418.4ms | ActiveRecord: 1.0ms)


Started GET "/cars" for ::1 at 2019-12-17 14:58:11 -0500
Processing by CarsController#index as HTML
  Rendering cars/index.html.erb within layouts/application
  [1m[36mCar Load (1.0ms)[0m  [1m[34mSELECT "cars".* FROM "cars"[0m
  Rendered cars/index.html.erb within layouts/application (16.0ms)
Completed 200 OK in 506ms (Views: 443.9ms | ActiveRecord: 1.0ms)


Started GET "/cars/new" for ::1 at 2019-12-17 14:58:15 -0500
Processing by CarsController#new as HTML
  Rendering cars/new.html.erb within layouts/application
  Rendered cars/_form.html.erb (14.7ms)
  Rendered cars/new.html.erb within layouts/application (67.1ms)
Completed 200 OK in 527ms (Views: 440.3ms | ActiveRecord: 0.0ms)


Started GET "/cars.json" for ::1 at 2019-12-17 14:58:52 -0500
Processing by CarsController#index as JSON
  Rendering cars/index.json.jbuilder
  [1m[36mCar Load (1.0ms)[0m  [1m[34mSELECT "cars".* FROM "cars"[0m
  Rendered cars/_car.json.jbuilder (4.0ms)
  Rendered cars/_car.json.jbuilder (1.0ms)
  Rendered cars/_car.json.jbuilder (1.0ms)
  Rendered cars/index.json.jbuilder (72.9ms)
Completed 200 OK in 340ms (Views: 270.7ms | ActiveRecord: 1.0ms)


Started GET "/cars" for ::1 at 2019-12-17 15:24:07 -0500
  [1m[35m (1.0ms)[0m  [1m[34mSELECT "schema_migrations"."version" FROM "schema_migrations" ORDER BY "schema_migrations"."version" ASC[0m
Processing by CarsController#index as HTML
  Rendering cars/index.html.erb within layouts/application
  [1m[36mCar Load (1.0ms)[0m  [1m[34mSELECT "cars".* FROM "cars"[0m
  Rendered cars/index.html.erb within layouts/application (98.9ms)
Completed 200 OK in 2096ms (Views: 1886.9ms | ActiveRecord: 8.0ms)


Started GET "/cars/1" for ::1 at 2019-12-17 15:25:10 -0500
Processing by CarsController#show as HTML
  Parameters: {"id"=>"1"}
  [1m[36mCar Load (15.6ms)[0m  [1m[34mSELECT  "cars".* FROM "cars" WHERE "cars"."id" = ? LIMIT ?[0m  [["id", 1], ["LIMIT", 1]]
  Rendering cars/show.html.erb within layouts/application
  Rendered cars/show.html.erb within layouts/application (0.0ms)
Completed 200 OK in 501ms (Views: 295.4ms | ActiveRecord: 15.6ms)


Started GET "/cars/2" for ::1 at 2019-12-17 15:25:17 -0500
Processing by CarsController#show as HTML
  Parameters: {"id"=>"2"}
  [1m[36mCar Load (0.0ms)[0m  [1m[34mSELECT  "cars".* FROM "cars" WHERE "cars"."id" = ? LIMIT ?[0m  [["id", 2], ["LIMIT", 1]]
  Rendering cars/show.html.erb within layouts/application
  Rendered cars/show.html.erb within layouts/application (3.0ms)
Completed 200 OK in 385ms (Views: 331.5ms | ActiveRecord: 0.0ms)


Started GET "/cars/3" for ::1 at 2019-12-17 15:25:21 -0500
Processing by CarsController#show as HTML
  Parameters: {"id"=>"3"}
  [1m[36mCar Load (0.0ms)[0m  [1m[34mSELECT  "cars".* FROM "cars" WHERE "cars"."id" = ? LIMIT ?[0m  [["id", 3], ["LIMIT", 1]]
  Rendering cars/show.html.erb within layouts/application
  Rendered cars/show.html.erb within layouts/application (3.0ms)
Completed 200 OK in 453ms (Views: 381.1ms | ActiveRecord: 0.0ms)


Started GET "/cars" for ::1 at 2019-12-17 16:51:48 -0500
Started GET "/cars" for ::1 at 2019-12-17 16:51:50 -0500
  [1m[35m (1.0ms)[0m  [1m[34mSELECT "schema_migrations"."version" FROM "schema_migrations" ORDER BY "schema_migrations"."version" ASC[0m
  [1m[35m (2.0ms)[0m  [1m[34mSELECT "schema_migrations"."version" FROM "schema_migrations" ORDER BY "schema_migrations"."version" ASC[0m
Processing by CarsController#index as HTML
Processing by CarsController#index as HTML
  Rendering cars/index.html.erb within layouts/application
  Rendering cars/index.html.erb within layouts/application
  [1m[36mCar Load (1.0ms)[0m  [1m[34mSELECT "cars".* FROM "cars"[0m
  [1m[36mCar Load (1.0ms)[0m  [1m[34mSELECT "cars".* FROM "cars"[0m
  Rendered cars/index.html.erb within layouts/application (143.1ms)
  Rendered cars/index.html.erb within layouts/application (182.1ms)
Completed 200 OK in 7705ms (Views: 7170.0ms | ActiveRecord: 1.0ms)


Completed 500 Internal Server Error in 132744ms (ActiveRecord: 4.0ms)


  
ActionView::Template::Error (can't add a new key into hash during iteration):
     5:     <%= csrf_meta_tags %>
     6: 
     7:     <%= stylesheet_link_tag    'application', media: 'all', 'data-turbolinks-track': 'reload' %>
     8:     <%= javascript_include_tag 'application', 'data-turbolinks-track': 'reload' %>
     9:   </head>
    10: 
    11:   <body>
  
app/views/layouts/application.html.erb:8:in `_app_views_layouts_application_html_erb___555263065_34671432'
  [1m[35m (0.0ms)[0m  [1m[34mSELECT "schema_migrations"."version" FROM "schema_migrations" ORDER BY "schema_migrations"."version" ASC[0m
Migrating to AddPriceToCars (20191217215456)
  [1m[35m (0.0ms)[0m  [1m[36mbegin transaction[0m
  [1m[35m (15.0ms)[0m  [1m[35mALTER TABLE "cars" ADD "price" decimal(10,2)[0m
  [1m[35mSQL (0.0ms)[0m  [1m[32mINSERT INTO "schema_migrations" ("version") VALUES (?)[0m  [["version", "20191217215456"]]
  [1m[35m (133.2ms)[0m  [1m[36mcommit transaction[0m
  [1m[36mActiveRecord::InternalMetadata Load (0.0ms)[0m  [1m[34mSELECT  "ar_internal_metadata".* FROM "ar_internal_metadata" WHERE "ar_internal_metadata"."key" = ? LIMIT ?[0m  [["key", "environment"], ["LIMIT", 1]]
  [1m[35m (0.0ms)[0m  [1m[36mbegin transaction[0m
  [1m[35m (0.0ms)[0m  [1m[36mcommit transaction[0m
  [1m[35m (0.0ms)[0m  [1m[34mSELECT "schema_migrations"."version" FROM "schema_migrations" ORDER BY "schema_migrations"."version" ASC[0m
Started GET "/cars" for ::1 at 2019-12-17 17:07:05 -0500
  [1m[35m (0.0ms)[0m  [1m[34mSELECT "schema_migrations"."version" FROM "schema_migrations" ORDER BY "schema_migrations"."version" ASC[0m
  
ActiveRecord::PendingMigrationError (

Migrations are pending. To resolve this issue, run:

        bin/rails db:migrate RAILS_ENV=development

):
  
activerecord (5.1.7) lib/active_record/migration.rb:576:in `check_pending!'
activerecord (5.1.7) lib/active_record/migration.rb:553:in `call'
actionpack (5.1.7) lib/action_dispatch/middleware/callbacks.rb:26:in `block in call'
activesupport (5.1.7) lib/active_support/callbacks.rb:97:in `run_callbacks'
actionpack (5.1.7) lib/action_dispatch/middleware/callbacks.rb:24:in `call'
actionpack (5.1.7) lib/action_dispatch/middleware/executor.rb:12:in `call'
actionpack (5.1.7) lib/action_dispatch/middleware/debug_exceptions.rb:59:in `call'
web-console (3.7.0) lib/web_console/middleware.rb:135:in `call_app'
web-console (3.7.0) lib/web_console/middleware.rb:30:in `block in call'
web-console (3.7.0) lib/web_console/middleware.rb:20:in `catch'
web-console (3.7.0) lib/web_console/middleware.rb:20:in `call'
actionpack (5.1.7) lib/action_dispatch/middleware/show_exceptions.rb:31:in `call'
railties (5.1.7) lib/rails/rack/logger.rb:36:in `call_app'
railties (5.1.7) lib/rails/rack/logger.rb:24:in `block in call'
activesupport (5.1.7) lib/active_support/tagged_logging.rb:69:in `block in tagged'
activesupport (5.1.7) lib/active_support/tagged_logging.rb:26:in `tagged'
activesupport (5.1.7) lib/active_support/tagged_logging.rb:69:in `tagged'
railties (5.1.7) lib/rails/rack/logger.rb:24:in `call'
sprockets-rails (3.2.1) lib/sprockets/rails/quiet_assets.rb:13:in `call'
actionpack (5.1.7) lib/action_dispatch/middleware/remote_ip.rb:79:in `call'
actionpack (5.1.7) lib/action_dispatch/middleware/request_id.rb:25:in `call'
rack (2.0.7) lib/rack/method_override.rb:22:in `call'
rack (2.0.7) lib/rack/runtime.rb:22:in `call'
activesupport (5.1.7) lib/active_support/cache/strategy/local_cache_middleware.rb:27:in `call'
actionpack (5.1.7) lib/action_dispatch/middleware/executor.rb:12:in `call'
actionpack (5.1.7) lib/action_dispatch/middleware/static.rb:125:in `call'
rack (2.0.7) lib/rack/sendfile.rb:111:in `call'
railties (5.1.7) lib/rails/engine.rb:522:in `call'
puma (3.12.2) lib/puma/configuration.rb:227:in `call'
puma (3.12.2) lib/puma/server.rb:674:in `handle_request'
puma (3.12.2) lib/puma/server.rb:476:in `process_client'
puma (3.12.2) lib/puma/server.rb:334:in `block in run'
puma (3.12.2) lib/puma/thread_pool.rb:135:in `block in spawn_thread'
Started GET "/cars" for ::1 at 2019-12-17 17:07:23 -0500
  [1m[35m (1.0ms)[0m  [1m[34mSELECT "schema_migrations"."version" FROM "schema_migrations" ORDER BY "schema_migrations"."version" ASC[0m
  
ActiveRecord::PendingMigrationError (

Migrations are pending. To resolve this issue, run:

        bin/rails db:migrate RAILS_ENV=development

):
  
activerecord (5.1.7) lib/active_record/migration.rb:576:in `check_pending!'
activerecord (5.1.7) lib/active_record/migration.rb:553:in `call'
actionpack (5.1.7) lib/action_dispatch/middleware/callbacks.rb:26:in `block in call'
activesupport (5.1.7) lib/active_support/callbacks.rb:97:in `run_callbacks'
actionpack (5.1.7) lib/action_dispatch/middleware/callbacks.rb:24:in `call'
actionpack (5.1.7) lib/action_dispatch/middleware/executor.rb:12:in `call'
actionpack (5.1.7) lib/action_dispatch/middleware/debug_exceptions.rb:59:in `call'
web-console (3.7.0) lib/web_console/middleware.rb:135:in `call_app'
web-console (3.7.0) lib/web_console/middleware.rb:30:in `block in call'
web-console (3.7.0) lib/web_console/middleware.rb:20:in `catch'
web-console (3.7.0) lib/web_console/middleware.rb:20:in `call'
actionpack (5.1.7) lib/action_dispatch/middleware/show_exceptions.rb:31:in `call'
railties (5.1.7) lib/rails/rack/logger.rb:36:in `call_app'
railties (5.1.7) lib/rails/rack/logger.rb:24:in `block in call'
activesupport (5.1.7) lib/active_support/tagged_logging.rb:69:in `block in tagged'
activesupport (5.1.7) lib/active_support/tagged_logging.rb:26:in `tagged'
activesupport (5.1.7) lib/active_support/tagged_logging.rb:69:in `tagged'
railties (5.1.7) lib/rails/rack/logger.rb:24:in `call'
sprockets-rails (3.2.1) lib/sprockets/rails/quiet_assets.rb:13:in `call'
actionpack (5.1.7) lib/action_dispatch/middleware/remote_ip.rb:79:in `call'
actionpack (5.1.7) lib/action_dispatch/middleware/request_id.rb:25:in `call'
rack (2.0.7) lib/rack/method_override.rb:22:in `call'
rack (2.0.7) lib/rack/runtime.rb:22:in `call'
activesupport (5.1.7) lib/active_support/cache/strategy/local_cache_middleware.rb:27:in `call'
actionpack (5.1.7) lib/action_dispatch/middleware/executor.rb:12:in `call'
actionpack (5.1.7) lib/action_dispatch/middleware/static.rb:125:in `call'
rack (2.0.7) lib/rack/sendfile.rb:111:in `call'
railties (5.1.7) lib/rails/engine.rb:522:in `call'
puma (3.12.2) lib/puma/configuration.rb:227:in `call'
puma (3.12.2) lib/puma/server.rb:674:in `handle_request'
puma (3.12.2) lib/puma/server.rb:476:in `process_client'
puma (3.12.2) lib/puma/server.rb:334:in `block in run'
puma (3.12.2) lib/puma/thread_pool.rb:135:in `block in spawn_thread'
  [1m[35m (0.0ms)[0m  [1m[34mSELECT "schema_migrations"."version" FROM "schema_migrations" ORDER BY "schema_migrations"."version" ASC[0m
Migrating to RenameMakeToCompany (20191217220556)
  [1m[35m (0.0ms)[0m  [1m[36mbegin transaction[0m
  [1m[35mSQL (0.0ms)[0m  [1m[32mINSERT INTO "schema_migrations" ("version") VALUES (?)[0m  [["version", "20191217220556"]]
  [1m[35m (131.6ms)[0m  [1m[36mcommit transaction[0m
  [1m[36mActiveRecord::InternalMetadata Load (0.0ms)[0m  [1m[34mSELECT  "ar_internal_metadata".* FROM "ar_internal_metadata" WHERE "ar_internal_metadata"."key" = ? LIMIT ?[0m  [["key", "environment"], ["LIMIT", 1]]
  [1m[35m (0.0ms)[0m  [1m[36mbegin transaction[0m
  [1m[35m (0.0ms)[0m  [1m[36mcommit transaction[0m
  [1m[35m (0.0ms)[0m  [1m[34mSELECT "schema_migrations"."version" FROM "schema_migrations" ORDER BY "schema_migrations"."version" ASC[0m
Started GET "/cars" for ::1 at 2019-12-17 17:09:58 -0500
  [1m[35m (0.0ms)[0m  [1m[34mSELECT "schema_migrations"."version" FROM "schema_migrations" ORDER BY "schema_migrations"."version" ASC[0m
Processing by CarsController#index as HTML
  Rendering cars/index.html.erb within layouts/application
  [1m[36mCar Load (2.0ms)[0m  [1m[34mSELECT "cars".* FROM "cars"[0m
  Rendered cars/index.html.erb within layouts/application (63.0ms)
Completed 200 OK in 583ms (Views: 495.8ms | ActiveRecord: 9.0ms)


Started GET "/cars" for ::1 at 2019-12-17 17:10:06 -0500
Processing by CarsController#index as HTML
  Rendering cars/index.html.erb within layouts/application
  [1m[36mCar Load (1.0ms)[0m  [1m[34mSELECT "cars".* FROM "cars"[0m
  Rendered cars/index.html.erb within layouts/application (12.0ms)
Completed 200 OK in 441ms (Views: 368.0ms | ActiveRecord: 1.0ms)


Started GET "/cars" for ::1 at 2019-12-17 17:11:10 -0500
  [1m[35m (0.0ms)[0m  [1m[34mSELECT "schema_migrations"."version" FROM "schema_migrations" ORDER BY "schema_migrations"."version" ASC[0m
Processing by CarsController#index as HTML
  Rendering cars/index.html.erb within layouts/application
  [1m[36mCar Load (0.0ms)[0m  [1m[34mSELECT "cars".* FROM "cars"[0m
  Rendered cars/index.html.erb within layouts/application (11.0ms)
Completed 200 OK in 452ms (Views: 387.9ms | ActiveRecord: 0.0ms)


Started GET "/cars" for ::1 at 2019-12-17 17:11:26 -0500
Processing by CarsController#index as HTML
  Rendering cars/index.html.erb within layouts/application
  [1m[36mCar Load (3.0ms)[0m  [1m[34mSELECT "cars".* FROM "cars"[0m
  Rendered cars/index.html.erb within layouts/application (18.0ms)
Completed 200 OK in 476ms (Views: 400.8ms | ActiveRecord: 3.0ms)


Started GET "/cars" for ::1 at 2019-12-17 17:12:36 -0500
Processing by CarsController#index as HTML
  Rendering cars/index.html.erb within layouts/application
  [1m[36mCar Load (1.0ms)[0m  [1m[34mSELECT "cars".* FROM "cars"[0m
  Rendered cars/index.html.erb within layouts/application (16.0ms)
Completed 200 OK in 612ms (Views: 511.6ms | ActiveRecord: 1.0ms)


  [1m[35m (0.0ms)[0m  [1m[34mSELECT "schema_migrations"."version" FROM "schema_migrations" ORDER BY "schema_migrations"."version" ASC[0m
  [1m[36mActiveRecord::InternalMetadata Load (1.0ms)[0m  [1m[34mSELECT  "ar_internal_metadata".* FROM "ar_internal_metadata" WHERE "ar_internal_metadata"."key" = ? LIMIT ?[0m  [["key", "environment"], ["LIMIT", 1]]
  [1m[35m (0.0ms)[0m  [1m[36mbegin transaction[0m
  [1m[35m (0.0ms)[0m  [1m[36mcommit transaction[0m
  [1m[35m (0.0ms)[0m  [1m[34mSELECT "schema_migrations"."version" FROM "schema_migrations" ORDER BY "schema_migrations"."version" ASC[0m
Started GET "/cars" for ::1 at 2019-12-17 17:13:34 -0500
Processing by CarsController#index as HTML
  Rendering cars/index.html.erb within layouts/application
  [1m[36mCar Load (1.0ms)[0m  [1m[34mSELECT "cars".* FROM "cars"[0m
  Rendered cars/index.html.erb within layouts/application (50.0ms)
Completed 200 OK in 530ms (Views: 433.6ms | ActiveRecord: 7.0ms)


Started GET "/cars" for ::1 at 2019-12-17 17:13:38 -0500
Processing by CarsController#index as HTML
  Rendering cars/index.html.erb within layouts/application
  [1m[36mCar Load (1.0ms)[0m  [1m[34mSELECT "cars".* FROM "cars"[0m
  Rendered cars/index.html.erb within layouts/application (13.0ms)
Completed 200 OK in 462ms (Views: 384.6ms | ActiveRecord: 1.0ms)


  [1m[35m (0.0ms)[0m  [1m[34mSELECT "schema_migrations"."version" FROM "schema_migrations" ORDER BY "schema_migrations"."version" ASC[0m
  [1m[36mActiveRecord::InternalMetadata Load (2.0ms)[0m  [1m[34mSELECT  "ar_internal_metadata".* FROM "ar_internal_metadata" WHERE "ar_internal_metadata"."key" = ? LIMIT ?[0m  [["key", "environment"], ["LIMIT", 1]]
  [1m[35m (0.0ms)[0m  [1m[36mbegin transaction[0m
  [1m[35m (0.0ms)[0m  [1m[36mcommit transaction[0m
  [1m[35m (0.0ms)[0m  [1m[34mSELECT "schema_migrations"."version" FROM "schema_migrations" ORDER BY "schema_migrations"."version" ASC[0m
Started GET "/cars" for ::1 at 2019-12-17 17:15:59 -0500
Processing by CarsController#index as HTML
  Rendering cars/index.html.erb within layouts/application
  [1m[36mCar Load (3.0ms)[0m  [1m[34mSELECT "cars".* FROM "cars"[0m
  Rendered cars/index.html.erb within layouts/application (102.9ms)
Completed 200 OK in 597ms (Views: 518.5ms | ActiveRecord: 12.0ms)


Started GET "/cars" for ::1 at 2019-12-17 17:19:10 -0500
Processing by CarsController#index as HTML
  Rendering cars/index.html.erb within layouts/application
  [1m[36mCar Load (3.0ms)[0m  [1m[34mSELECT "cars".* FROM "cars"[0m
  Rendered cars/index.html.erb within layouts/application (17.0ms)
Completed 200 OK in 581ms (Views: 493.9ms | ActiveRecord: 3.0ms)


Started GET "/cars" for ::1 at 2019-12-17 17:19:13 -0500
Processing by CarsController#index as HTML
  Rendering cars/index.html.erb within layouts/application
  [1m[36mCar Load (1.0ms)[0m  [1m[34mSELECT "cars".* FROM "cars"[0m
  Rendered cars/index.html.erb within layouts/application (14.0ms)
Completed 200 OK in 501ms (Views: 419.6ms | ActiveRecord: 1.0ms)


Started GET "/cars" for ::1 at 2019-12-17 17:20:28 -0500
Processing by CarsController#index as HTML
  Rendering cars/index.html.erb within layouts/application
  [1m[36mCar Load (0.0ms)[0m  [1m[34mSELECT "cars".* FROM "cars"[0m
  Rendered cars/index.html.erb within layouts/application (15.7ms)
Completed 200 OK in 336ms (Views: 285.4ms | ActiveRecord: 0.0ms)


Started GET "/cars/new" for ::1 at 2019-12-17 17:20:37 -0500
Processing by CarsController#new as HTML
  Rendering cars/new.html.erb within layouts/application
  Rendered cars/_form.html.erb (499.1ms)
  Rendered cars/new.html.erb within layouts/application (553.4ms)
Completed 200 OK in 975ms (Views: 885.0ms | ActiveRecord: 0.0ms)


Started GET "/cars" for ::1 at 2019-12-17 17:21:55 -0500
Processing by CarsController#index as HTML
  Rendering cars/index.html.erb within layouts/application
  [1m[36mCar Load (1.0ms)[0m  [1m[34mSELECT "cars".* FROM "cars"[0m
  Rendered cars/index.html.erb within layouts/application (18.0ms)
Completed 200 OK in 508ms (Views: 427.9ms | ActiveRecord: 1.0ms)


Started GET "/cars" for ::1 at 2019-12-17 18:03:55 -0500
Processing by CarsController#index as HTML
  Rendering cars/index.html.erb within layouts/application
  [1m[36mCar Load (5.0ms)[0m  [1m[34mSELECT "cars".* FROM "cars"[0m
  Rendered cars/index.html.erb within layouts/application (39.0ms)
Completed 200 OK in 623ms (Views: 506.3ms | ActiveRecord: 5.0ms)


Started GET "/cars/new" for ::1 at 2019-12-17 18:04:00 -0500
Processing by CarsController#new as HTML
  Rendering cars/new.html.erb within layouts/application
  Rendered cars/_form.html.erb (30.0ms)
  Rendered cars/new.html.erb within layouts/application (90.5ms)
Completed 200 OK in 502ms (Views: 448.5ms | ActiveRecord: 0.0ms)


